TN:
SF:src\app.ts
FNF:0
FNH:0
DA:1,1
DA:2,1
DA:3,1
DA:4,1
DA:5,1
DA:6,1
DA:7,1
DA:8,1
DA:9,1
DA:10,1
DA:11,1
LF:11
LH:11
BRF:0
BRH:0
end_of_record
TN:
SF:src\db.ts
FNF:0
FNH:0
DA:1,1
DA:2,1
DA:3,1
DA:4,1
DA:5,1
DA:6,1
DA:7,1
DA:8,1
DA:9,1
DA:10,1
DA:11,1
DA:12,1
DA:13,1
DA:14,1
DA:15,1
LF:15
LH:15
BRF:0
BRH:0
end_of_record
TN:
SF:src\server.ts
FN:1,(empty-report)
FNF:1
FNH:0
FNDA:0,(empty-report)
DA:1,0
DA:2,0
DA:3,0
DA:4,0
DA:5,0
DA:6,0
DA:7,0
DA:8,0
DA:9,0
DA:10,0
DA:11,0
DA:12,0
DA:13,0
DA:14,0
DA:15,0
DA:16,0
DA:17,0
DA:18,0
DA:19,0
DA:20,0
LF:20
LH:0
BRDA:1,0,0,0
BRF:1
BRH:0
end_of_record
TN:
SF:src\controllers\accounts.ts
FN:10,getAccounts
FN:19,getAccount
FN:39,addAccount
FN:53,setAccount
FN:75,loginAccount
FN:88,logoutAccount
FNF:6
FNH:6
FNDA:1,getAccounts
FNDA:3,getAccount
FNDA:2,addAccount
FNDA:3,setAccount
FNDA:1,loginAccount
FNDA:1,logoutAccount
DA:1,1
DA:2,1
DA:3,1
DA:4,1
DA:5,1
DA:6,1
DA:7,1
DA:8,1
DA:9,1
DA:10,1
DA:11,1
DA:12,0
DA:13,0
DA:14,0
DA:15,0
DA:16,0
DA:17,0
DA:18,1
DA:19,3
DA:20,3
DA:21,3
DA:22,3
DA:23,1
DA:24,1
DA:25,2
DA:26,2
DA:27,0
DA:28,0
DA:29,0
DA:30,0
DA:31,0
DA:32,0
DA:33,3
DA:34,3
DA:35,3
DA:36,3
DA:37,3
DA:38,1
DA:39,2
DA:40,2
DA:41,2
DA:42,2
DA:43,2
DA:44,0
DA:45,0
DA:46,0
DA:47,2
DA:48,2
DA:49,2
DA:50,2
DA:51,2
DA:52,1
DA:53,3
DA:54,3
DA:55,3
DA:56,3
DA:57,3
DA:58,2
DA:59,2
DA:60,2
DA:61,2
DA:62,2
DA:63,0
DA:64,0
DA:65,0
DA:66,0
DA:67,0
DA:68,0
DA:69,3
DA:70,1
DA:71,1
DA:72,1
DA:73,3
DA:74,1
DA:75,1
DA:76,1
DA:77,1
DA:78,1
DA:79,1
DA:80,0
DA:81,0
DA:82,0
DA:83,0
DA:84,0
DA:85,0
DA:86,1
DA:87,1
DA:88,1
DA:89,1
DA:90,1
DA:91,1
DA:92,1
LF:92
LH:65
BRDA:10,0,0,1
BRDA:12,1,0,0
BRDA:19,2,0,3
BRDA:22,3,0,1
BRDA:25,4,0,2
BRDA:27,5,0,0
BRDA:39,6,0,2
BRDA:44,7,0,0
BRDA:53,8,0,3
BRDA:57,9,0,1
BRDA:57,10,0,2
BRDA:63,11,0,0
BRDA:69,12,0,1
BRDA:75,13,0,1
BRDA:80,14,0,0
BRDA:88,15,0,1
BRF:16
BRH:11
end_of_record
TN:
SF:src\models\account.ts
FN:1,(empty-report)
FNF:1
FNH:0
FNDA:0,(empty-report)
DA:1,0
DA:2,0
DA:3,0
DA:4,0
DA:5,0
DA:6,0
DA:7,0
DA:8,0
DA:9,0
DA:10,0
DA:11,0
LF:11
LH:0
BRDA:1,0,0,0
BRF:1
BRH:0
end_of_record
TN:
SF:src\models\accountModel.ts
FN:46,findAll
FN:50,findById
FN:54,add
FNF:3
FNH:3
FNDA:1,findAll
FNDA:2,findById
FNDA:2,add
DA:1,1
DA:2,1
DA:3,1
DA:4,1
DA:5,1
DA:6,1
DA:7,1
DA:8,1
DA:9,1
DA:10,1
DA:11,1
DA:12,1
DA:13,1
DA:14,1
DA:15,1
DA:16,1
DA:17,1
DA:18,1
DA:19,1
DA:20,1
DA:21,1
DA:22,1
DA:23,1
DA:24,1
DA:25,1
DA:26,1
DA:27,1
DA:28,1
DA:29,1
DA:30,1
DA:31,1
DA:32,1
DA:33,1
DA:34,1
DA:35,1
DA:36,1
DA:37,1
DA:38,1
DA:39,1
DA:40,1
DA:41,1
DA:42,1
DA:43,1
DA:44,1
DA:45,1
DA:46,1
DA:47,1
DA:48,1
DA:49,1
DA:50,2
DA:51,2
DA:52,2
DA:53,1
DA:54,2
DA:55,2
DA:56,2
DA:57,1
DA:58,1
LF:58
LH:58
BRDA:46,0,0,1
BRDA:50,1,0,2
BRDA:54,2,0,2
BRF:3
BRH:3
end_of_record
TN:
SF:src\models\accountSchemas.ts
FNF:0
FNH:0
DA:1,1
DA:2,1
DA:3,1
DA:4,1
DA:5,1
DA:6,1
DA:7,1
DA:8,1
DA:9,1
DA:10,1
DA:11,1
DA:12,1
DA:13,1
DA:14,1
DA:15,1
DA:16,1
LF:16
LH:16
BRF:0
BRH:0
end_of_record
TN:
SF:src\models\accountStatus.ts
FN:1,(empty-report)
FNF:1
FNH:0
FNDA:0,(empty-report)
DA:1,0
DA:2,0
DA:3,0
DA:4,0
DA:5,0
DA:6,0
LF:6
LH:0
BRDA:1,0,0,0
BRF:1
BRH:0
end_of_record
TN:
SF:src\routes\accounts.ts
FN:7,validateSchema
FN:18,validateAccount
FN:22,validadeLogin
FNF:3
FNH:3
FNDA:8,validateSchema
FNDA:6,validateAccount
FNDA:2,validadeLogin
DA:1,1
DA:2,1
DA:3,1
DA:4,1
DA:5,1
DA:6,1
DA:7,8
DA:8,8
DA:9,8
DA:10,2
DA:11,2
DA:12,2
DA:13,2
DA:14,2
DA:15,2
DA:16,2
DA:17,1
DA:18,6
DA:19,6
DA:20,6
DA:21,1
DA:22,2
DA:23,2
DA:24,2
DA:25,1
DA:26,1
DA:27,1
DA:28,1
DA:29,1
DA:30,1
DA:31,1
DA:32,1
DA:33,1
DA:34,1
DA:35,1
LF:35
LH:35
BRDA:7,0,0,8
BRDA:9,1,0,6
BRDA:10,2,0,2
BRDA:12,3,0,2
BRDA:18,4,0,6
BRDA:22,5,0,2
BRF:6
BRH:6
end_of_record
